\BOOKMARK [1][-]{section.1}{\376\377\000I\000n\000t\000r\000o\000d\000u\000c\000c\000i\000\363\000n}{}% 1
\BOOKMARK [2][-]{subsection.1.1}{\376\377\000F\000u\000n\000d\000a\000m\000e\000n\000t\000a\000c\000i\000\363\000n}{section.1}% 2
\BOOKMARK [2][-]{subsection.1.2}{\376\377\000O\000b\000j\000e\000t\000i\000v\000o\000s}{section.1}% 3
\BOOKMARK [3][-]{subsubsection.1.2.1}{\376\377\000O\000b\000j\000e\000t\000i\000v\000o\000\040\000g\000e\000n\000e\000r\000a\000l}{subsection.1.2}% 4
\BOOKMARK [3][-]{subsubsection.1.2.2}{\376\377\000O\000b\000j\000e\000t\000i\000v\000o\000s\000\040\000e\000s\000p\000e\000c\000\355\000f\000i\000c\000o\000s}{subsection.1.2}% 5
\BOOKMARK [2][-]{subsection.1.3}{\376\377\000E\000s\000t\000r\000u\000c\000t\000u\000r\000a\000\040\000d\000e\000\040\000l\000a\000\040\000I\000n\000v\000e\000s\000t\000i\000g\000a\000c\000i\000\363\000n}{section.1}% 6
\BOOKMARK [1][-]{section.2}{\376\377\000E\000s\000t\000a\000d\000o\000\040\000d\000e\000l\000\040\000A\000r\000t\000e}{}% 7
\BOOKMARK [1][-]{section.3}{\376\377\000M\000a\000r\000c\000o\000\040\000T\000e\000\363\000r\000i\000c\000o}{}% 8
\BOOKMARK [2][-]{subsection.3.1}{\376\377\000R\000e\000p\000r\000e\000s\000e\000n\000t\000a\000c\000i\000\363\000n\000\040\000t\000e\000m\000p\000o\000r\000a\000l\000\040\000y\000\040\000f\000r\000e\000c\000u\000e\000n\000c\000i\000a\000l\000\040\000d\000e\000\040\000s\000e\000\361\000a\000l\000e\000s}{section.3}% 9
\BOOKMARK [3][-]{subsubsection.3.1.1}{\376\377\000T\000r\000a\000n\000s\000f\000o\000r\000m\000a\000d\000a\000\040\000d\000e\000\040\000c\000o\000r\000t\000o\000\040\000t\000\351\000r\000m\000i\000n\000o\000\040\000d\000e\000\040\000F\000o\000u\000r\000i\000e\000r\000\040\000\050\000S\000T\000F\000T\000\051}{subsection.3.1}% 10
\BOOKMARK [2][-]{subsection.3.2}{\376\377\000R\000e\000s\000p\000u\000e\000s\000t\000a\000\040\000a\000l\000\040\000i\000m\000p\000u\000l\000s\000o\000\040\000y\000\040\000r\000e\000v\000e\000r\000b\000e\000r\000a\000c\000i\000\363\000n}{section.3}% 11
\BOOKMARK [3][-]{subsubsection.3.2.1}{\376\377\000R\000e\000l\000a\000c\000i\000\363\000n\000\040\000d\000i\000r\000e\000c\000t\000o\000-\000r\000e\000v\000e\000r\000b\000e\000r\000a\000d\000o\000\040\000\050\000D\000R\000R\000\051}{subsection.3.2}% 12
\BOOKMARK [2][-]{subsection.3.3}{\376\377\000I\000n\000t\000e\000l\000i\000g\000i\000b\000i\000l\000i\000d\000a\000d\000\040\000y\000\040\000p\000a\000r\000\341\000m\000e\000t\000r\000o\000s\000\040\000d\000e\000\040\000c\000a\000l\000i\000d\000a\000d\000\040\000d\000e\000\040\000p\000e\000r\000c\000e\000p\000c\000i\000\363\000n}{section.3}% 13
\BOOKMARK [3][-]{subsubsection.3.3.1}{\376\377\000R\000e\000l\000a\000c\000i\000\363\000n\000\040\000e\000n\000e\000r\000g\000\355\000a\000\040\000d\000e\000\040\000m\000o\000d\000u\000l\000a\000c\000i\000\363\000n\000\040\000d\000e\000\040\000v\000o\000z\000\040\000a\000\040\000r\000e\000v\000e\000r\000b\000e\000r\000a\000c\000i\000\363\000n}{subsection.3.3}% 14
\BOOKMARK [3][-]{subsubsection.3.3.2}{\376\377\000I\000n\000t\000e\000l\000i\000g\000i\000b\000i\000l\000i\000d\000a\000d\000\040\000o\000b\000j\000e\000t\000i\000v\000a\000\040\000d\000e\000\040\000c\000o\000r\000t\000o\000\040\000t\000e\000r\000m\000i\000n\000o\000\040\000e\000x\000t\000e\000n\000d\000i\000d\000a}{subsection.3.3}% 15
\BOOKMARK [3][-]{subsubsection.3.3.3}{\376\377\000R\000e\000l\000a\000c\000i\000\363\000n\000\040\000s\000e\000\361\000a\000l\000\040\000a\000\040\000d\000i\000s\000t\000o\000r\000s\000i\000\363\000n}{subsection.3.3}% 16
\BOOKMARK [2][-]{subsection.3.4}{\376\377\000R\000e\000d\000e\000s\000\040\000n\000e\000u\000r\000o\000n\000a\000l\000e\000s\000\040\000y\000\040\000a\000l\000g\000o\000r\000i\000t\000m\000o\000s\000\040\000d\000e\000\040\000a\000p\000r\000e\000n\000d\000i\000z\000a\000j\000e\000\040\000p\000r\000o\000f\000u\000n\000d\000o}{section.3}% 17
\BOOKMARK [3][-]{subsubsection.3.4.1}{\376\377\000L\000a\000\040\000n\000e\000u\000r\000o\000n\000a\000\040\000a\000r\000t\000i\000f\000i\000c\000i\000a\000l}{subsection.3.4}% 18
\BOOKMARK [3][-]{subsubsection.3.4.2}{\376\377\000M\000o\000d\000e\000l\000o\000s\000\040\000b\000a\000s\000a\000d\000o\000s\000\040\000e\000n\000\040\000r\000e\000d\000e\000s\000\040\000n\000e\000u\000r\000o\000n\000a\000l\000e\000s}{subsection.3.4}% 19
\BOOKMARK [3][-]{subsubsection.3.4.3}{\376\377\000E\000n\000t\000r\000e\000n\000a\000m\000i\000e\000n\000t\000o\000\040\000y\000\040\000a\000p\000r\000e\000n\000d\000i\000z\000a\000j\000e}{subsection.3.4}% 20
\BOOKMARK [3][-]{subsubsection.3.4.4}{\376\377\000R\000e\000d\000e\000s\000\040\000n\000e\000u\000r\000o\000n\000a\000l\000e\000s\000\040\000c\000o\000n\000v\000o\000l\000u\000c\000i\000o\000n\000a\000l\000e\000s}{subsection.3.4}% 21
\BOOKMARK [3][-]{subsubsection.3.4.5}{\376\377\000A\000u\000t\000o\000e\000n\000c\000o\000d\000e\000r\000s}{subsection.3.4}% 22
\BOOKMARK [2][-]{subsection.3.5}{\376\377\000D\000e\000r\000e\000v\000e\000r\000b\000e\000r\000a\000c\000i\000\363\000n\000\040\000p\000o\000r\000\040\000f\000i\000l\000t\000r\000a\000d\000o\000\040\000t\000e\000m\000p\000o\000r\000a\000l\000-\000f\000r\000e\000c\000u\000e\000n\000c\000i\000a\000l}{section.3}% 23
\BOOKMARK [3][-]{subsubsection.3.5.1}{\376\377\000M\000\341\000s\000c\000a\000r\000a\000s\000\040\000d\000e\000\040\000a\000m\000p\000l\000i\000t\000u\000d}{subsection.3.5}% 24
\BOOKMARK [3][-]{subsubsection.3.5.2}{\376\377\000S\000\355\000n\000t\000e\000s\000i\000s\000\040\000d\000e\000\040\000a\000u\000d\000i\000o\000\040\000a\000\040\000p\000a\000r\000t\000i\000r\000\040\000d\000e\000\040\000e\000s\000p\000e\000c\000t\000r\000o\000g\000r\000a\000m\000a\000s}{subsection.3.5}% 25
\BOOKMARK [1][-]{section.4}{\376\377\000M\000e\000t\000o\000d\000o\000l\000o\000g\000\355\000a}{}% 26
\BOOKMARK [2][-]{subsection.4.1}{\376\377\000A\000n\000\341\000l\000i\000s\000i\000s\000\040\000d\000e\000\040\000d\000a\000t\000o\000s}{section.4}% 27
\BOOKMARK [2][-]{subsection.4.2}{\376\377\000B\000a\000s\000e\000\040\000d\000e\000\040\000d\000a\000t\000o\000s\000\040\000d\000e\000\040\000r\000e\000s\000p\000u\000e\000s\000t\000a\000s\000\040\000a\000l\000\040\000i\000m\000p\000u\000l\000s\000o}{section.4}% 28
\BOOKMARK [3][-]{subsubsection.4.2.1}{\376\377\000R\000e\000s\000p\000u\000e\000s\000t\000a\000s\000\040\000a\000l\000\040\000i\000m\000p\000u\000l\000s\000o\000\040\000r\000e\000a\000l\000e\000s}{subsection.4.2}% 29
\BOOKMARK [3][-]{subsubsection.4.2.2}{\376\377\000R\000e\000s\000p\000u\000e\000s\000t\000a\000s\000\040\000a\000l\000\040\000i\000m\000p\000u\000l\000s\000o\000\040\000g\000e\000n\000e\000r\000a\000d\000a\000s}{subsection.4.2}% 30
\BOOKMARK [3][-]{subsubsection.4.2.3}{\376\377\000R\000e\000s\000p\000u\000e\000s\000t\000a\000s\000\040\000a\000l\000\040\000i\000m\000p\000u\000l\000s\000o\000\040\000g\000e\000n\000e\000r\000a\000d\000a\000s\000\040\000p\000o\000r\000\040\000a\000u\000m\000e\000n\000t\000a\000c\000i\000\363\000n}{subsection.4.2}% 31
\BOOKMARK [2][-]{subsection.4.3}{\376\377\000B\000a\000s\000e\000s\000\040\000d\000e\000\040\000d\000a\000t\000o\000s\000\040\000d\000e\000\040\000s\000e\000\361\000a\000l\000e\000s\000\040\000d\000e\000\040\000h\000a\000b\000l\000a}{section.4}% 32
\BOOKMARK [3][-]{subsubsection.4.3.1}{\376\377\000P\000r\000e\000-\000p\000r\000o\000c\000e\000s\000a\000m\000i\000e\000n\000t\000o\000\040\000d\000e\000\040\000d\000a\000t\000o\000s}{subsection.4.3}% 33
\BOOKMARK [2][-]{subsection.4.4}{\376\377\000M\000o\000d\000e\000l\000o\000\040\000p\000r\000o\000p\000u\000e\000s\000t\000o}{section.4}% 34
\BOOKMARK [2][-]{subsection.4.5}{\376\377\000D\000e\000t\000a\000l\000l\000e\000s\000\040\000d\000e\000\040\000i\000m\000p\000l\000e\000m\000e\000n\000t\000a\000c\000i\000\363\000n}{section.4}% 35
\BOOKMARK [2][-]{subsection.4.6}{\376\377\000E\000v\000a\000l\000u\000a\000c\000i\000\363\000n\000\040\000d\000e\000l\000\040\000m\000o\000d\000e\000l\000o}{section.4}% 36
\BOOKMARK [3][-]{subsubsection.4.6.1}{\376\377\000C\000o\000m\000b\000i\000n\000a\000c\000i\000o\000n\000e\000s\000\040\000d\000e\000\040\000b\000a\000s\000e\000s\000\040\000d\000e\000\040\000d\000a\000t\000o\000s}{subsection.4.6}% 37
\BOOKMARK [3][-]{subsubsection.4.6.2}{\376\377\000O\000r\000d\000e\000n\000a\000m\000i\000e\000n\000t\000o\000\040\000d\000e\000\040\000l\000o\000s\000\040\000d\000a\000t\000o\000s\000\040\000d\000u\000r\000a\000n\000t\000e\000\040\000e\000l\000\040\000e\000n\000t\000r\000e\000n\000a\000m\000i\000e\000n\000t\000o}{subsection.4.6}% 38
\BOOKMARK [1][-]{section.5}{\376\377\000R\000e\000s\000u\000l\000t\000a\000d\000o\000s\000\040\000y\000\040\000D\000i\000s\000c\000u\000s\000i\000o\000n\000e\000s}{}% 39
\BOOKMARK [2][-]{subsection.5.1}{\376\377\000B\000a\000s\000e\000s\000\040\000d\000e\000\040\000d\000a\000t\000o\000s\000\040\000d\000e\000\040\000r\000e\000s\000p\000u\000e\000s\000t\000a\000s\000\040\000a\000l\000\040\000i\000m\000p\000u\000l\000s\000o}{section.5}% 40
\BOOKMARK [2][-]{subsection.5.2}{\376\377\000A\000n\000\341\000l\000i\000s\000i\000s\000\040\000c\000u\000a\000l\000i\000t\000a\000t\000i\000v\000o\000\040\000d\000e\000l\000\040\000s\000i\000s\000t\000e\000m\000a}{section.5}% 41
\BOOKMARK [2][-]{subsection.5.3}{\376\377\000T\000r\000a\000t\000a\000m\000i\000e\000n\000t\000o\000\040\000d\000e\000\040\000l\000a\000\040\000F\000a\000s\000e}{section.5}% 42
\BOOKMARK [2][-]{subsection.5.4}{\376\377\000D\000e\000r\000e\000v\000e\000r\000b\000e\000r\000a\000c\000i\000\363\000n\000\040\000d\000e\000l\000\040\000h\000a\000b\000l\000a\000\040\000y\000\040\000m\000a\000n\000e\000j\000o\000\040\000d\000e\000\040\000d\000a\000t\000o\000s}{section.5}% 43
\BOOKMARK [2][-]{subsection.5.5}{\376\377\000A\000p\000r\000e\000n\000d\000i\000z\000a\000j\000e\000\040\000p\000o\000r\000\040\000c\000u\000r\000r\000\355\000c\000u\000l\000u\000m}{section.5}% 44
\BOOKMARK [1][-]{section.6}{\376\377\000C\000o\000n\000c\000l\000u\000s\000i\000o\000n\000e\000s}{}% 45
\BOOKMARK [1][-]{section.7}{\376\377\000L\000i\000n\000e\000a\000s\000\040\000f\000u\000t\000u\000r\000a\000s\000\040\000d\000e\000\040\000i\000n\000v\000e\000s\000t\000i\000g\000a\000c\000i\000\363\000n}{}% 46
\BOOKMARK [1][-]{section.7}{\376\377\000B\000i\000b\000l\000i\000o\000g\000r\000a\000f\000\355\000a}{}% 47
\BOOKMARK [1][-]{section*.49}{\376\377\000A\000n\000e\000x\000o\000s}{}% 48
\BOOKMARK [1][-]{appendix.Alph1}{\376\377\000A\000u\000m\000e\000n\000t\000a\000c\000i\000\363\000n\000\040\000d\000e\000\040\000t\000i\000e\000m\000p\000o\000\040\000d\000e\000\040\000r\000e\000v\000e\000r\000b\000e\000r\000a\000c\000i\000\363\000n}{}% 49
