This is LuaTeX, Version 1.10.0 (TeX Live 2019/Debian)  (format=lualatex 2021.8.6)  24 SEP 2021 15:50
 restricted system commands enabled.
**6Discusion.tex
(./6Discusion.tex
LaTeX2e <2020-02-02> patch level 2
Lua module: luaotfload-main 2020-02-02 3.12 luaotfload entry point
Lua module: luaotfload-init 2020-02-02 3.12 luaotfload submodule / initializatio
n
Lua module: lualibs 2020-02-02 2.70 ConTeXt Lua standard libraries.
Lua module: lualibs-extended 2020-02-02 2.70 ConTeXt Lua libraries -- extended c
ollection.
Lua module: luaotfload-log 2020-02-02 3.12 luaotfload submodule / logging
Lua module: luaotfload-parsers 2020-02-02 3.12 luaotfload submodule / filelist
Lua module: luaotfload-configuration 2020-02-02 3.12 luaotfload submodule / conf
ig file reader
luaotfload | conf : Root cache directory is /home/martin/.texlive2019/texmf-var/
luatex-cache/generic-dev/names.
luaotfload | init : Loading fontloader “fontloader-2020-01-26.lua” from kpse
-resolved path “/usr/share/texlive/texmf-dist/tex/luatex/luaotfload/fontloader
-2020-01-26.lua”.
Lua-only attribute luaotfload@state = 2
Lua-only attribute luaotfload@noligature = 3
Lua-only attribute luaotfload@syllabe = 4
luaotfload | init : Context OpenType loader version “3.11”
Inserting `luaotfload.node_processor' at position 1 in `pre_linebreak_filter'.
Inserting `luaotfload.node_processor' at position 1 in `hpack_filter'.
Lua module: luaotfload-loaders 2020-02-02 3.12 luaotfload submodule / callback h
andling
Inserting `luaotfload.define_font' at position 1 in `define_font'.
Lua module: luaotfload-database 2020-02-02 3.12 luaotfload submodule / database
Lua module: luaotfload-unicode 2020-02-02 3.12 luaotfload submodule / Unicode he
lpers
Lua module: luaotfload-colors 2020-02-02 3.12 luaotfload submodule / color
Lua-only attribute luaotfload_color_attribute = 5
Lua module: luaotfload-resolvers 2020-02-02 3.12 luaotfload submodule / resolver
s
luaotfload | conf : Root cache directory is /home/martin/.texlive2019/texmf-var/
luatex-cache/generic-dev/names.
Lua module: luaotfload-features 2020-02-02 3.12 luaotfload submodule / features
Lua module: luaotfload-letterspace 2020-02-02 3.12 luaotfload submodule / color
Lua module: luaotfload-embolden 2020-02-02 3.12 luaotfload submodule / color
Lua module: luaotfload-notdef 2020-02-02 3.12 luaotfload submodule / color
Lua module: luaotfload-auxiliary 2020-02-02 3.12 luaotfload submodule / auxiliar
y functions
Inserting `luaotfload.aux.set_sscale_dimens' at position 1 in `luaotfload.patch_
font'.
Inserting `luaotfload.aux.set_font_index' at position 2 in `luaotfload.patch_fon
t'.
Inserting `luaotfload.aux.patch_cambria_domh' at position 3 in `luaotfload.patch
_font'.
Inserting `luaotfload.aux.fixup_fontdata' at position 1 in `luaotfload.patch_fon
t_unsafe'.
Inserting `luaotfload.aux.set_capheight' at position 4 in `luaotfload.patch_font
'.
Inserting `luaotfload.aux.set_xheight' at position 5 in `luaotfload.patch_font'.
Lua module: luaotfload-fallback 2020-02-02 3.12 luaotfload submodule / fallback
Lua module: luaotfload-multiscript 2020-02-02 3.12 luaotfload submodule / multis
cript
Lua module: luaotfload-script 2020-02-02 3.12 luaotfload submodule / Script help
ers
Lua module: luaotfload-tounicode 2020-02-02 3.12 luaotfload submodule / tounicod
e
Inserting `luaotfload.rewrite_fontname' at position 6 in `luaotfload.patch_font'
. L3 programming layer <2020-02-14>
! Undefined control sequence.
l.1 \section
          {Análisis de los resultados}
The control sequence at the end of the top line
of your error message was never \def'ed. If you have
misspelled it (e.g., `\hobx'), type `I' and the correct
spelling (e.g., `I\hbox'). Otherwise just continue,
and I'll forget about whatever was undefined.


! LaTeX Error: Missing \begin{document}.

See the LaTeX manual or LaTeX Companion for explanation.
Type  H <return>  for immediate help.
 ...                                              
                                                  
l.1 \section{A
            nálisis de los resultados}
You're in trouble here.  Try typing  <return>  to proceed.
If that doesn't work, type  X <return>  to quit.


Overfull \hbox (20.0pt too wide) in paragraph at lines 1--2
[]Análisis
 []

! Undefined control sequence.
l.3 \subsection
             {Analisis de bases de datos de respuestas al impulso}
The control sequence at the end of the top line
of your error message was never \def'ed. If you have
misspelled it (e.g., `\hobx'), type `I' and the correct
spelling (e.g., `I\hbox'). Otherwise just continue,
and I'll forget about whatever was undefined.


! LaTeX Error: Missing \begin{document}.

See the LaTeX manual or LaTeX Companion for explanation.
Type  H <return>  for immediate help.
 ...                                              
                                                  
l.3 \subsection{A
               nalisis de bases de datos de respuestas al impulso}
You're in trouble here.  Try typing  <return>  to proceed.
If that doesn't work, type  X <return>  to quit.

luaotfload | db : Font names database loaded from /home/martin/.texlive2019/texm
f-var/luatex-cache/generic-dev/names/luaotfload-names.luc
! Undefined control sequence.
<write> ... Reference `fig:cloud_reales' on page \thepage 
                                                  \space undefined\on@line .
l.4 ...o reales, en la figura \ref{fig:cloud_reales}
                                                   se pueden distinguir tres...
The control sequence at the end of the top line
of your error message was never \def'ed. If you have
misspelled it (e.g., `\hobx'), type `I' and the correct
spelling (e.g., `I\hbox'). Otherwise just continue,
and I'll forget about whatever was undefined.


LaTeX Warning: Reference `fig:cloud_reales' on page  undefined on input line 4.

LaTeX Font Info:    External font `cmex10' loaded for size
(Font)              <7> on input line 4.
LaTeX Font Info:    External font `cmex10' loaded for size
(Font)              <5> on input line 4.
! Undefined control sequence.
<write> ...ference `fig:cloud_generadas' on page \thepage 
                                                  \space undefined\on@line .
l.4 ...estran en la figura \ref{fig:cloud_generadas}
                                                  . Si bien en este caso se ...
The control sequence at the end of the top line
of your error message was never \def'ed. If you have
misspelled it (e.g., `\hobx'), type `I' and the correct
spelling (e.g., `I\hbox'). Otherwise just continue,
and I'll forget about whatever was undefined.


LaTeX Warning: Reference `fig:cloud_generadas' on page  undefined on input line 
4.

! Undefined control sequence.
<write> ...erence `fig:cloud_aumentadas' on page \thepage 
                                                  \space undefined\on@line .
l.4 ...serva en la figura \ref{fig:cloud_aumentadas}
                                                  . A primera vista se obser...
The control sequence at the end of the top line
of your error message was never \def'ed. If you have
misspelled it (e.g., `\hobx'), type `I' and the correct
spelling (e.g., `I\hbox'). Otherwise just continue,
and I'll forget about whatever was undefined.


LaTeX Warning: Reference `fig:cloud_aumentadas' on page  undefined on input line
 4.


Overfull \hbox (20.0pt too wide) in paragraph at lines 3--5
[]Analisis
 []


Overfull \hbox (10.85999pt too wide) in paragraph at lines 3--5
[]
 []


Overfull \hbox (23.2917pt too wide) in paragraph at lines 3--5
\OT1/cmr/m/n/10 10\OML/cmm/m/it/10 dB$
 []


Overfull \hbox (9.68752pt too wide) in paragraph at lines 3--5
\OT1/cmr/m/n/10 2\OML/cmm/m/it/10 s$
 []


Overfull \hbox (17.46532pt too wide) in paragraph at lines 3--5
\OT1/cmr/m/n/10 1\OML/cmm/m/it/10 :\OT1/cmr/m/n/10 8\OML/cmm/m/it/10 s$\nullfon
t .
 []


Overfull \hbox (10.85999pt too wide) in paragraph at lines 3--5
[].
 []


Overfull \hbox (17.46532pt too wide) in paragraph at lines 3--5
\OT1/cmr/m/n/10 0\OML/cmm/m/it/10 :\OT1/cmr/m/n/10 5\OML/cmm/m/it/10 s$\nullfon
t ,
 []


Overfull \hbox (22.46533pt too wide) in paragraph at lines 3--5
\OT1/cmr/m/n/10 0\OML/cmm/m/it/10 :\OT1/cmr/m/n/10 75\OML/cmm/m/it/10 s$
 []


Overfull \hbox (17.46532pt too wide) in paragraph at lines 3--5
\OT1/cmr/m/n/10 1\OML/cmm/m/it/10 :\OT1/cmr/m/n/10 0\OML/cmm/m/it/10 s$\nullfon
t )
 []


Overfull \hbox (10.85999pt too wide) in paragraph at lines 3--5
[].
 []

! Undefined control sequence.
l.6 \subsection
             {Funcionamiento general del sistema}
The control sequence at the end of the top line
of your error message was never \def'ed. If you have
misspelled it (e.g., `\hobx'), type `I' and the correct
spelling (e.g., `I\hbox'). Otherwise just continue,
and I'll forget about whatever was undefined.


! LaTeX Error: Missing \begin{document}.

See the LaTeX manual or LaTeX Companion for explanation.
Type  H <return>  for immediate help.
 ...                                              
                                                  
l.6 \subsection{F
               uncionamiento general del sistema}
You're in trouble here.  Try typing  <return>  to proceed.
If that doesn't work, type  X <return>  to quit.

! Undefined control sequence.
<write> ...ce `fig:mean and std of nets' on page \thepage 
                                                  \space undefined\on@line .
l.7 La figura \ref{fig:mean and std of nets}
                                           muestra el funcionamiento general...
The control sequence at the end of the top line
of your error message was never \def'ed. If you have
misspelled it (e.g., `\hobx'), type `I' and the correct
spelling (e.g., `I\hbox'). Otherwise just continue,
and I'll forget about whatever was undefined.


LaTeX Warning: Reference `fig:mean and std of nets' on page  undefined on input 
line 7.


Overfull \hbox (20.0pt too wide) in paragraph at lines 6--8
[]Funcionamiento
 []


Overfull \hbox (10.85999pt too wide) in paragraph at lines 6--8
[]
 []

! Undefined control sequence.
l.9 \subsection
             {Determinación de fase para el espectro dereverberado}
The control sequence at the end of the top line
of your error message was never \def'ed. If you have
misspelled it (e.g., `\hobx'), type `I' and the correct
spelling (e.g., `I\hbox'). Otherwise just continue,
and I'll forget about whatever was undefined.


! LaTeX Error: Missing \begin{document}.

See the LaTeX manual or LaTeX Companion for explanation.
Type  H <return>  for immediate help.
 ...                                              
                                                  
l.9 \subsection{D
               eterminación de fase para el espectro dereverberado}
You're in trouble here.  Try typing  <return>  to proceed.
If that doesn't work, type  X <return>  to quit.


Overfull \hbox (20.0pt too wide) in paragraph at lines 9--11
[]Determinación
 []

! Undefined control sequence.
l.12 \subsection
              {Funcionamiento en relacion al tipo de respuestas al impulso u...
The control sequence at the end of the top line
of your error message was never \def'ed. If you have
misspelled it (e.g., `\hobx'), type `I' and the correct
spelling (e.g., `I\hbox'). Otherwise just continue,
and I'll forget about whatever was undefined.


! LaTeX Error: Missing \begin{document}.

See the LaTeX manual or LaTeX Companion for explanation.
Type  H <return>  for immediate help.
 ...                                              
                                                  
l.12 \subsection{F
                uncionamiento en relacion al tipo de respuestas al impulso u...
You're in trouble here.  Try typing  <return>  to proceed.
If that doesn't work, type  X <return>  to quit.


Overfull \hbox (20.0pt too wide) in paragraph at lines 12--14
[]Funcionamiento
 []

)
! Emergency stop.
<*> 6Discusion.tex
               
*** (job aborted, no legal \end found)



Here is how much of LuaTeX's memory you used:
 42 strings out of 481365
 100000,319454 words of node,token memory allocated 38419 words of node memory still in use:
   39 hlist, 1 disc, 5 local_par, 1 dir, 6 math, 876 glue, 4 kern, 12 penalty, 4
489 glyph, 27 attribute, 39 glue_spec, 27 attribute_list nodes
   avail lists: 2:2,4:170,5:5,7:136,8:5,10:169
 17254 multiletter control sequences out of 65536+600000
 36 fonts using 4012403 bytes
 18i,2n,15p,2657b,94s stack positions out of 5000i,500n,10000p,200000b,100000s
!  ==> Fatal error occurred, no output PDF file produced!
